SF:/Users/matthew/gadfly/projects/coral_flutter/packages/coral_poller/lib/src/background_poll.dart
DA:19,1
DA:40,1
DA:82,1
DA:83,1
DA:86,3
DA:87,2
DA:88,1
DA:89,3
DA:91,1
DA:96,2
DA:97,2
DA:101,1
DA:106,1
DA:108,1
DA:113,1
DA:118,1
DA:120,1
DA:121,1
DA:122,1
DA:131,1
DA:135,1
DA:136,1
DA:138,1
DA:140,1
DA:142,2
LF:25
LH:25
end_of_record
SF:/Users/matthew/gadfly/projects/coral_flutter/packages/coral_poller/lib/src/long_poll.dart
DA:22,1
DA:43,1
DA:86,1
DA:87,1
DA:91,3
DA:92,1
DA:94,2
DA:99,1
DA:100,1
DA:104,2
DA:105,3
DA:106,1
DA:108,1
DA:112,1
DA:118,1
DA:120,1
DA:121,1
DA:125,1
DA:129,1
DA:130,3
DA:131,1
DA:132,1
DA:133,1
DA:140,1
DA:145,1
DA:146,1
DA:148,1
DA:150,1
DA:152,1
DA:155,1
DA:157,2
LF:31
LH:31
end_of_record
